This is XeTeX, Version 3.14159265-2.6-0.999992 (TeX Live 2020) (preloaded format=xelatex 2020.8.9)  8 SEP 2020 21:32
entering extended mode
 restricted \write18 enabled.
 %&-line parsing enabled.
**gdsl_knowledge.tex
(./gdsl_knowledge.tex
LaTeX2e <2020-02-02> patch level 5
L3 programming layer <2020-08-07> (/Users/franciscorowe/Library/TinyTeX/texmf-d
ist/tex/latex/base/book.cls
Document Class: book 2019/12/20 v1.4l Standard LaTeX document class
(/Users/franciscorowe/Library/TinyTeX/texmf-dist/tex/latex/base/bk10.clo
File: bk10.clo 2019/12/20 v1.4l Standard LaTeX file (size option)
)
\c@part=\count164
\c@chapter=\count165
\c@section=\count166
\c@subsection=\count167
\c@subsubsection=\count168
\c@paragraph=\count169
\c@subparagraph=\count170
\c@figure=\count171
\c@table=\count172
\abovecaptionskip=\skip47
\belowcaptionskip=\skip48
\bibindent=\dimen134
) (/Users/franciscorowe/Library/TinyTeX/texmf-dist/tex/latex/lm/lmodern.sty
Package: lmodern 2009/10/30 v1.6 Latin Modern Fonts
LaTeX Font Info:    Overwriting symbol font `operators' in version `normal'
(Font)                  OT1/cmr/m/n --> OT1/lmr/m/n on input line 22.
LaTeX Font Info:    Overwriting symbol font `letters' in version `normal'
(Font)                  OML/cmm/m/it --> OML/lmm/m/it on input line 23.
LaTeX Font Info:    Overwriting symbol font `symbols' in version `normal'
(Font)                  OMS/cmsy/m/n --> OMS/lmsy/m/n on input line 24.
LaTeX Font Info:    Overwriting symbol font `largesymbols' in version `normal'
(Font)                  OMX/cmex/m/n --> OMX/lmex/m/n on input line 25.
LaTeX Font Info:    Overwriting symbol font `operators' in version `bold'
(Font)                  OT1/cmr/bx/n --> OT1/lmr/bx/n on input line 26.
LaTeX Font Info:    Overwriting symbol font `letters' in version `bold'
(Font)                  OML/cmm/b/it --> OML/lmm/b/it on input line 27.
LaTeX Font Info:    Overwriting symbol font `symbols' in version `bold'
(Font)                  OMS/cmsy/b/n --> OMS/lmsy/b/n on input line 28.
LaTeX Font Info:    Overwriting symbol font `largesymbols' in version `bold'
(Font)                  OMX/cmex/m/n --> OMX/lmex/m/n on input line 29.
LaTeX Font Info:    Overwriting math alphabet `\mathbf' in version `normal'
(Font)                  OT1/cmr/bx/n --> OT1/lmr/bx/n on input line 31.
LaTeX Font Info:    Overwriting math alphabet `\mathsf' in version `normal'
(Font)                  OT1/cmss/m/n --> OT1/lmss/m/n on input line 32.
LaTeX Font Info:    Overwriting math alphabet `\mathit' in version `normal'
(Font)                  OT1/cmr/m/it --> OT1/lmr/m/it on input line 33.
LaTeX Font Info:    Overwriting math alphabet `\mathtt' in version `normal'
(Font)                  OT1/cmtt/m/n --> OT1/lmtt/m/n on input line 34.
LaTeX Font Info:    Overwriting math alphabet `\mathbf' in version `bold'
(Font)                  OT1/cmr/bx/n --> OT1/lmr/bx/n on input line 35.
LaTeX Font Info:    Overwriting math alphabet `\mathsf' in version `bold'
(Font)                  OT1/cmss/bx/n --> OT1/lmss/bx/n on input line 36.
LaTeX Font Info:    Overwriting math alphabet `\mathit' in version `bold'
(Font)                  OT1/cmr/bx/it --> OT1/lmr/bx/it on input line 37.
LaTeX Font Info:    Overwriting math alphabet `\mathtt' in version `bold'
(Font)                  OT1/cmtt/m/n --> OT1/lmtt/m/n on input line 38.
)
(/Users/franciscorowe/Library/TinyTeX/texmf-dist/tex/latex/amsfonts/amssymb.sty
Package: amssymb 2013/01/14 v3.01 AMS font symbols

(/Users/franciscorowe/Library/TinyTeX/texmf-dist/tex/latex/amsfonts/amsfonts.st
y
Package: amsfonts 2013/01/14 v3.01 Basic AMSFonts support
\@emptytoks=\toks15
\symAMSa=\mathgroup4
\symAMSb=\mathgroup5
LaTeX Font Info:    Redeclaring math symbol \hbar on input line 98.
LaTeX Font Info:    Overwriting math alphabet `\mathfrak' in version `bold'
(Font)                  U/euf/m/n --> U/euf/b/n on input line 106.
)) (/Users/franciscorowe/Library/TinyTeX/texmf-dist/tex/latex/amsmath/amsmath.s
ty
Package: amsmath 2020/01/20 v2.17e AMS math features
\@mathmargin=\skip49
For additional information on amsmath, use the `?' option.
(/Users/franciscorowe/Library/TinyTeX/texmf-dist/tex/latex/amsmath/amstext.sty
Package: amstext 2000/06/29 v2.01 AMS text
(/Users/franciscorowe/Library/TinyTeX/texmf-dist/tex/latex/amsmath/amsgen.sty
File: amsgen.sty 1999/11/30 v2.0 generic functions
\@emptytoks=\toks16
\ex@=\dimen135
)) (/Users/franciscorowe/Library/TinyTeX/texmf-dist/tex/latex/amsmath/amsbsy.st
y
Package: amsbsy 1999/11/29 v1.2d Bold Symbols
\pmbraise@=\dimen136
) (/Users/franciscorowe/Library/TinyTeX/texmf-dist/tex/latex/amsmath/amsopn.sty
Package: amsopn 2016/03/08 v2.02 operator names
)
\inf@bad=\count173
LaTeX Info: Redefining \frac on input line 227.
\uproot@=\count174
\leftroot@=\count175
LaTeX Info: Redefining \overline on input line 389.
\classnum@=\count176
\DOTSCASE@=\count177
LaTeX Info: Redefining \ldots on input line 486.
LaTeX Info: Redefining \dots on input line 489.
LaTeX Info: Redefining \cdots on input line 610.
\Mathstrutbox@=\box45
\strutbox@=\box46
\big@size=\dimen137
LaTeX Font Info:    Redeclaring font encoding OML on input line 733.
LaTeX Font Info:    Redeclaring font encoding OMS on input line 734.
\macc@depth=\count178
\c@MaxMatrixCols=\count179
\dotsspace@=\muskip16
\c@parentequation=\count180
\dspbrk@lvl=\count181
\tag@help=\toks17
\row@=\count182
\column@=\count183
\maxfields@=\count184
\andhelp@=\toks18
\eqnshift@=\dimen138
\alignsep@=\dimen139
\tagshift@=\dimen140
\tagwidth@=\dimen141
\totwidth@=\dimen142
\lineht@=\dimen143
\@envbody=\toks19
\multlinegap=\skip50
\multlinetaggap=\skip51
\mathdisplay@stack=\toks20
LaTeX Info: Redefining \[ on input line 2859.
LaTeX Info: Redefining \] on input line 2860.
) (/Users/franciscorowe/Library/TinyTeX/texmf-dist/tex/generic/iftex/ifxetex.st
y
Package: ifxetex 2019/10/25 v0.7 ifxetex legacy package. Use iftex instead.
(/Users/franciscorowe/Library/TinyTeX/texmf-dist/tex/generic/iftex/iftex.sty
Package: iftex 2020/03/06 v1.0d TeX engine tests
))
(/Users/franciscorowe/Library/TinyTeX/texmf-dist/tex/generic/iftex/ifluatex.sty
Package: ifluatex 2019/10/25 v1.5 ifluatex legacy package. Use iftex instead.
)
(/Users/franciscorowe/Library/TinyTeX/texmf-dist/tex/latex/unicode-math/unicode
-math.sty (/Users/franciscorowe/Library/TinyTeX/texmf-dist/tex/latex/l3kernel/e
xpl3.sty
Package: expl3 2020-08-07 L3 programming layer (loader) 

(/Users/franciscorowe/Library/TinyTeX/texmf-dist/tex/latex/l3backend/l3backend-
xdvipdfmx.def
File: l3backend-xdvipdfmx.def 2020-08-07 L3 backend support: xdvipdfmx
\g__graphics_track_int=\count185
\l__pdf_internal_box=\box47
\g__pdf_backend_object_int=\count186
\g__pdf_backend_annotation_int=\count187
))
Package: unicode-math 2020/01/31 v0.8q Unicode maths in XeLaTeX and LuaLaTeX

(/Users/franciscorowe/Library/TinyTeX/texmf-dist/tex/latex/unicode-math/unicode
-math-xetex.sty
Package: unicode-math-xetex 2020/01/31 v0.8q Unicode maths in XeLaTeX and LuaLa
TeX

(/Users/franciscorowe/Library/TinyTeX/texmf-dist/tex/latex/l3packages/xparse/xp
arse.sty
Package: xparse 2020-05-15 L3 Experimental document command parser

(/Users/franciscorowe/Library/TinyTeX/texmf-dist/tex/latex/l3packages/xparse/xp
arse-generic.tex
\l__xparse_current_arg_int=\count188
\g__xparse_grabber_int=\count189
\l__xparse_m_args_int=\count190
\l__xparse_v_nesting_int=\count191
))
(/Users/franciscorowe/Library/TinyTeX/texmf-dist/tex/latex/l3packages/l3keys2e/
l3keys2e.sty
Package: l3keys2e 2020-05-15 LaTeX2e option processing using LaTeX3 keys
)
(/Users/franciscorowe/Library/TinyTeX/texmf-dist/tex/latex/fontspec/fontspec.st
y
Package: fontspec 2020/02/21 v2.7i Font selection for XeLaTeX and LuaLaTeX

(/Users/franciscorowe/Library/TinyTeX/texmf-dist/tex/latex/fontspec/fontspec-xe
tex.sty
Package: fontspec-xetex 2020/02/21 v2.7i Font selection for XeLaTeX and LuaLaTe
X
\l__fontspec_script_int=\count192
\l__fontspec_language_int=\count193
\l__fontspec_strnum_int=\count194
\l__fontspec_tmp_int=\count195
\l__fontspec_tmpa_int=\count196
\l__fontspec_tmpb_int=\count197
\l__fontspec_tmpc_int=\count198
\l__fontspec_em_int=\count199
\l__fontspec_emdef_int=\count266
\l__fontspec_strong_int=\count267
\l__fontspec_strongdef_int=\count268
\l__fontspec_tmpa_dim=\dimen144
\l__fontspec_tmpb_dim=\dimen145
\l__fontspec_tmpc_dim=\dimen146
(/Users/franciscorowe/Library/TinyTeX/texmf-dist/tex/latex/base/fontenc.sty
Package: fontenc 2020/02/11 v2.0o Standard LaTeX package
)
(/Users/franciscorowe/Library/TinyTeX/texmf-dist/tex/latex/fontspec/fontspec.cf
g))) (/Users/franciscorowe/Library/TinyTeX/texmf-dist/tex/latex/base/fix-cm.sty
Package: fix-cm 2015/01/14 v1.1t fixes to LaTeX
(/Users/franciscorowe/Library/TinyTeX/texmf-dist/tex/latex/base/ts1enc.def
File: ts1enc.def 2001/06/05 v3.0e (jk/car/fm) Standard LaTeX file
LaTeX Font Info:    Redeclaring font encoding TS1 on input line 47.
))
\g__um_fam_int=\count269
\g__um_fonts_used_int=\count270
\l__um_primecount_int=\count271
\g__um_primekern_muskip=\muskip17

(/Users/franciscorowe/Library/TinyTeX/texmf-dist/tex/latex/unicode-math/unicode
-math-table.tex)))
(/Users/franciscorowe/Library/TinyTeX/texmf-dist/tex/latex/microtype/microtype.
sty
Package: microtype 2019/11/18 v2.7d Micro-typographical refinements (RS)
(/Users/franciscorowe/Library/TinyTeX/texmf-dist/tex/latex/graphics/keyval.sty
Package: keyval 2014/10/28 v1.15 key=value parser (DPC)
\KV@toks@=\toks21
)
\MT@toks=\toks22
\MT@count=\count272
LaTeX Info: Redefining \textls on input line 790.
\MT@outer@kern=\dimen147
LaTeX Info: Redefining \textmicrotypecontext on input line 1354.
\MT@listname@count=\count273

(/Users/franciscorowe/Library/TinyTeX/texmf-dist/tex/latex/microtype/microtype-
xetex.def
File: microtype-xetex.def 2019/11/18 v2.7d Definitions specific to xetex (RS)
LaTeX Info: Redefining \lsstyle on input line 258.
)
Package microtype Info: Loading configuration file microtype.cfg.

(/Users/franciscorowe/Library/TinyTeX/texmf-dist/tex/latex/microtype/microtype.
cfg
File: microtype.cfg 2019/11/18 v2.7d microtype main configuration file (RS)
)) (/Users/franciscorowe/Library/TinyTeX/texmf-dist/tex/latex/parskip/parskip.s
ty
Package: parskip 2020-06-15 v2.0f non-zero parskip adjustments

(/Users/franciscorowe/Library/TinyTeX/texmf-dist/tex/latex/kvoptions/kvoptions.
sty
Package: kvoptions 2019/11/29 v3.13 Key value format for package options (HO)

(/Users/franciscorowe/Library/TinyTeX/texmf-dist/tex/generic/ltxcmds/ltxcmds.st
y
Package: ltxcmds 2019/12/15 v1.24 LaTeX kernel commands for general use (HO)
)
(/Users/franciscorowe/Library/TinyTeX/texmf-dist/tex/generic/kvsetkeys/kvsetkey
s.sty
Package: kvsetkeys 2019/12/15 v1.18 Key value parser (HO)
))
(/Users/franciscorowe/Library/TinyTeX/texmf-dist/tex/latex/etoolbox/etoolbox.st
y
Package: etoolbox 2020/08/24 v2.5j e-TeX tools for LaTeX (JAW)
\etb@tempcnta=\count274
)) (/Users/franciscorowe/Library/TinyTeX/texmf-dist/tex/latex/xcolor/xcolor.sty
Package: xcolor 2016/05/11 v2.12 LaTeX color extensions (UK)

(/Users/franciscorowe/Library/TinyTeX/texmf-dist/tex/latex/graphics-cfg/color.c
fg
File: color.cfg 2016/01/02 v1.6 sample color configuration
)
Package xcolor Info: Driver file: xetex.def on input line 225.

(/Users/franciscorowe/Library/TinyTeX/texmf-dist/tex/latex/graphics-def/xetex.d
ef
File: xetex.def 2017/06/24 v5.0h Graphics/color driver for xetex
)
Package xcolor Info: Model `cmy' substituted by `cmy0' on input line 1348.
Package xcolor Info: Model `RGB' extended on input line 1364.
Package xcolor Info: Model `HTML' substituted by `rgb' on input line 1366.
Package xcolor Info: Model `Hsb' substituted by `hsb' on input line 1367.
Package xcolor Info: Model `tHsb' substituted by `hsb' on input line 1368.
Package xcolor Info: Model `HSB' substituted by `hsb' on input line 1369.
Package xcolor Info: Model `Gray' substituted by `gray' on input line 1370.
Package xcolor Info: Model `wave' substituted by `hsb' on input line 1371.
)
(/Users/franciscorowe/Library/TinyTeX/texmf-dist/tex/latex/hyperref/hyperref.st
y
Package: hyperref 2020-05-15 v7.00e Hypertext links for LaTeX

(/Users/franciscorowe/Library/TinyTeX/texmf-dist/tex/generic/pdftexcmds/pdftexc
mds.sty
Package: pdftexcmds 2020-06-27 v0.33 Utility functions of pdfTeX for LuaTeX (HO
)

(/Users/franciscorowe/Library/TinyTeX/texmf-dist/tex/generic/infwarerr/infwarer
r.sty
Package: infwarerr 2019/12/03 v1.5 Providing info/warning/error messages (HO)
)
Package pdftexcmds Info: \pdf@primitive is available.
Package pdftexcmds Info: \pdf@ifprimitive is available.
Package pdftexcmds Info: \pdfdraftmode not found.
)
(/Users/franciscorowe/Library/TinyTeX/texmf-dist/tex/generic/kvdefinekeys/kvdef
inekeys.sty
Package: kvdefinekeys 2019-12-19 v1.6 Define keys (HO)
)
(/Users/franciscorowe/Library/TinyTeX/texmf-dist/tex/generic/pdfescape/pdfescap
e.sty
Package: pdfescape 2019/12/09 v1.15 Implements pdfTeX's escape features (HO)
) (/Users/franciscorowe/Library/TinyTeX/texmf-dist/tex/latex/hycolor/hycolor.st
y
Package: hycolor 2020-01-27 v1.10 Color options for hyperref/bookmark (HO)
)
(/Users/franciscorowe/Library/TinyTeX/texmf-dist/tex/latex/letltxmacro/letltxma
cro.sty
Package: letltxmacro 2019/12/03 v1.6 Let assignment for LaTeX macros (HO)
) (/Users/franciscorowe/Library/TinyTeX/texmf-dist/tex/latex/auxhook/auxhook.st
y
Package: auxhook 2019-12-17 v1.6 Hooks for auxiliary files (HO)
)
\@linkdim=\dimen148
\Hy@linkcounter=\count275
\Hy@pagecounter=\count276
(/Users/franciscorowe/Library/TinyTeX/texmf-dist/tex/latex/hyperref/pd1enc.def
File: pd1enc.def 2020-05-15 v7.00e Hyperref: PDFDocEncoding definition (HO)
)
(/Users/franciscorowe/Library/TinyTeX/texmf-dist/tex/generic/intcalc/intcalc.st
y
Package: intcalc 2019/12/15 v1.3 Expandable calculations with integers (HO)
)
(/Users/franciscorowe/Library/TinyTeX/texmf-dist/tex/generic/etexcmds/etexcmds.
sty
Package: etexcmds 2019/12/15 v1.7 Avoid name clashes with e-TeX commands (HO)
)
\Hy@SavedSpaceFactor=\count277
Package hyperref Info: Option `unicode' set `true' on input line 4338.
(/Users/franciscorowe/Library/TinyTeX/texmf-dist/tex/latex/hyperref/puenc.def
File: puenc.def 2020-05-15 v7.00e Hyperref: PDF Unicode definition (HO)
)
Package hyperref Info: Hyper figures OFF on input line 4464.
Package hyperref Info: Link nesting OFF on input line 4469.
Package hyperref Info: Hyper index ON on input line 4472.
Package hyperref Info: Plain pages OFF on input line 4479.
Package hyperref Info: Backreferencing OFF on input line 4484.
Package hyperref Info: Implicit mode ON; LaTeX internals redefined.
Package hyperref Info: Bookmarks ON on input line 4717.
\c@Hy@tempcnt=\count278
(/Users/franciscorowe/Library/TinyTeX/texmf-dist/tex/latex/url/url.sty
\Urlmuskip=\muskip18
Package: url 2013/09/16  ver 3.4  Verb mode for urls, etc.
)
LaTeX Info: Redefining \url on input line 5076.
\XeTeXLinkMargin=\dimen149
(/Users/franciscorowe/Library/TinyTeX/texmf-dist/tex/generic/bitset/bitset.sty
Package: bitset 2019/12/09 v1.3 Handle bit-vector datatype (HO)

(/Users/franciscorowe/Library/TinyTeX/texmf-dist/tex/generic/bigintcalc/bigintc
alc.sty
Package: bigintcalc 2019/12/15 v1.5 Expandable calculations on big integers (HO
)
))
\Fld@menulength=\count279
\Field@Width=\dimen150
\Fld@charsize=\dimen151
Package hyperref Info: Hyper figures OFF on input line 6347.
Package hyperref Info: Link nesting OFF on input line 6352.
Package hyperref Info: Hyper index ON on input line 6355.
Package hyperref Info: backreferencing OFF on input line 6362.
Package hyperref Info: Link coloring OFF on input line 6367.
Package hyperref Info: Link coloring with OCG OFF on input line 6372.
Package hyperref Info: PDF/A mode OFF on input line 6377.
LaTeX Info: Redefining \ref on input line 6417.
LaTeX Info: Redefining \pageref on input line 6421.

(/Users/franciscorowe/Library/TinyTeX/texmf-dist/tex/generic/atbegshi/atbegshi.
sty
Package: atbegshi 2019/12/05 v1.19 At begin shipout hook (HO)
)
\Hy@abspage=\count280
\c@Item=\count281
\c@Hfootnote=\count282
)
Package hyperref Info: Driver (autodetected): hxetex.
(/Users/franciscorowe/Library/TinyTeX/texmf-dist/tex/latex/hyperref/hxetex.def
File: hxetex.def 2020-05-15 v7.00e Hyperref driver for XeTeX

(/Users/franciscorowe/Library/TinyTeX/texmf-dist/tex/generic/stringenc/stringen
c.sty
Package: stringenc 2019/11/29 v1.12 Convert strings between diff. encodings (HO
)
)
\pdfm@box=\box48
\c@Hy@AnnotLevel=\count283
\HyField@AnnotCount=\count284
\Fld@listcount=\count285
\c@bookmark@seq@number=\count286

(/Users/franciscorowe/Library/TinyTeX/texmf-dist/tex/latex/rerunfilecheck/rerun
filecheck.sty
Package: rerunfilecheck 2019/12/05 v1.9 Rerun checks for auxiliary files (HO)

(/Users/franciscorowe/Library/TinyTeX/texmf-dist/tex/latex/atveryend/atveryend.
sty
Package: atveryend 2019-12-11 v1.11 Hooks at the very end of document (HO)
)
(/Users/franciscorowe/Library/TinyTeX/texmf-dist/tex/generic/uniquecounter/uniq
uecounter.sty
Package: uniquecounter 2019/12/15 v1.4 Provide unlimited unique counter (HO)
)
Package uniquecounter Info: New unique counter `rerunfilecheck' on input line 2
86.
)
\Hy@SectionHShift=\skip52
)
(/Users/franciscorowe/Library/TinyTeX/texmf-dist/tex/latex/fancyvrb/fancyvrb.st
y
Package: fancyvrb 2020/05/03 v3.6 verbatim text (tvz,hv)
\FV@CodeLineNo=\count287
\FV@InFile=\read2
\FV@TabBox=\box49
\c@FancyVerbLine=\count288
\FV@StepNumber=\count289
\FV@OutFile=\write3
) (/Users/franciscorowe/Library/TinyTeX/texmf-dist/tex/latex/framed/framed.sty
Package: framed 2011/10/22 v 0.96: framed or shaded text with page breaks
\OuterFrameSep=\skip53
\fb@frw=\dimen152
\fb@frh=\dimen153
\FrameRule=\dimen154
\FrameSep=\dimen155
) (/Users/franciscorowe/Library/TinyTeX/texmf-dist/tex/latex/tools/longtable.st
y
Package: longtable 2020/01/07 v4.13 Multi-page Table package (DPC)
\LTleft=\skip54
\LTright=\skip55
\LTpre=\skip56
\LTpost=\skip57
\LTchunksize=\count290
\LTcapwidth=\dimen156
\LT@head=\box50
\LT@firsthead=\box51
\LT@foot=\box52
\LT@lastfoot=\box53
\LT@cols=\count291
\LT@rows=\count292
\c@LT@tables=\count293
\c@LT@chunks=\count294
\LT@p@ftn=\toks23
)
(/Users/franciscorowe/Library/TinyTeX/texmf-dist/tex/latex/booktabs/booktabs.st
y
Package: booktabs 2020/01/12 v1.61803398 Publication quality tables
\heavyrulewidth=\dimen157
\lightrulewidth=\dimen158
\cmidrulewidth=\dimen159
\belowrulesep=\dimen160
\belowbottomsep=\dimen161
\aboverulesep=\dimen162
\abovetopsep=\dimen163
\cmidrulesep=\dimen164
\cmidrulekern=\dimen165
\defaultaddspace=\dimen166
\@cmidla=\count295
\@cmidlb=\count296
\@aboverulesep=\dimen167
\@belowrulesep=\dimen168
\@thisruleclass=\count297
\@lastruleclass=\count298
\@thisrulewidth=\dimen169
)
(/Users/franciscorowe/Library/TinyTeX/texmf-dist/tex/latex/mdwtools/footnote.st
y
Package: footnote 1997/01/28 1.13 Save footnotes around boxes
\fn@notes=\box54
\fn@width=\dimen170
)
(/Users/franciscorowe/Library/TinyTeX/texmf-dist/tex/latex/graphics/graphicx.st
y
Package: graphicx 2019/11/30 v1.2a Enhanced LaTeX Graphics (DPC,SPQR)

(/Users/franciscorowe/Library/TinyTeX/texmf-dist/tex/latex/graphics/graphics.st
y
Package: graphics 2019/11/30 v1.4a Standard LaTeX Graphics (DPC,SPQR)
(/Users/franciscorowe/Library/TinyTeX/texmf-dist/tex/latex/graphics/trig.sty
Package: trig 2016/01/03 v1.10 sin cos tan (DPC)
)
(/Users/franciscorowe/Library/TinyTeX/texmf-dist/tex/latex/graphics-cfg/graphic
s.cfg
File: graphics.cfg 2016/06/04 v1.11 sample graphics configuration
)
Package graphics Info: Driver file: xetex.def on input line 105.
)
\Gin@req@height=\dimen171
\Gin@req@width=\dimen172
) (/Users/franciscorowe/Library/TinyTeX/texmf-dist/tex/latex/grffile/grffile.st
y
Package: grffile 2019/11/11 v2.1 Extended file name support for graphics (legac
y)
Package grffile Info: This package is an empty stub for compatibility on input 
line 40.
) (/Users/franciscorowe/Library/TinyTeX/texmf-dist/tex/latex/amscls/amsthm.sty
Package: amsthm 2020/05/29 v2.20.6
\thm@style=\toks24
\thm@bodyfont=\toks25
\thm@headfont=\toks26
\thm@notefont=\toks27
\thm@headpunct=\toks28
\thm@preskip=\skip58
\thm@postskip=\skip59
\thm@headsep=\skip60
\dth@everypar=\toks29
) (/Users/franciscorowe/Library/TinyTeX/texmf-dist/tex/latex/natbib/natbib.sty
Package: natbib 2010/09/13 8.31b (PWD, AO)
\bibhang=\skip61
\bibsep=\skip62
LaTeX Info: Redefining \cite on input line 694.
\c@NAT@ctr=\count299
) (./gdsl_knowledge.aux

LaTeX Warning: Label `practical' multiply defined.


LaTeX Warning: Label `practical' multiply defined.

)
\openout1 = `gdsl_knowledge.aux'.

LaTeX Font Info:    Checking defaults for OML/cmm/m/it on input line 125.
LaTeX Font Info:    ... okay on input line 125.
LaTeX Font Info:    Checking defaults for OMS/cmsy/m/n on input line 125.
LaTeX Font Info:    ... okay on input line 125.
LaTeX Font Info:    Checking defaults for OT1/cmr/m/n on input line 125.
LaTeX Font Info:    ... okay on input line 125.
LaTeX Font Info:    Checking defaults for T1/cmr/m/n on input line 125.
LaTeX Font Info:    ... okay on input line 125.
LaTeX Font Info:    Checking defaults for TS1/cmr/m/n on input line 125.
LaTeX Font Info:    ... okay on input line 125.
LaTeX Font Info:    Checking defaults for TU/lmr/m/n on input line 125.
LaTeX Font Info:    ... okay on input line 125.
LaTeX Font Info:    Checking defaults for OMX/cmex/m/n on input line 125.
LaTeX Font Info:    ... okay on input line 125.
LaTeX Font Info:    Checking defaults for U/cmr/m/n on input line 125.
LaTeX Font Info:    ... okay on input line 125.
LaTeX Font Info:    Checking defaults for PD1/pdf/m/n on input line 125.
LaTeX Font Info:    ... okay on input line 125.
LaTeX Font Info:    Checking defaults for PU/pdf/m/n on input line 125.
LaTeX Font Info:    ... okay on input line 125.
LaTeX Font Info:    Overwriting math alphabet `\mathrm' in version `normal'
(Font)                  OT1/lmr/m/n --> TU/lmr/m/n on input line 125.
LaTeX Font Info:    Overwriting math alphabet `\mathit' in version `normal'
(Font)                  OT1/lmr/m/it --> TU/lmr/m/it on input line 125.
LaTeX Font Info:    Overwriting math alphabet `\mathbf' in version `normal'
(Font)                  OT1/lmr/bx/n --> TU/lmr/bx/n on input line 125.
LaTeX Font Info:    Overwriting math alphabet `\mathsf' in version `normal'
(Font)                  OT1/lmss/m/n --> TU/lmss/m/n on input line 125.
LaTeX Font Info:    Overwriting math alphabet `\mathsf' in version `bold'
(Font)                  OT1/lmss/bx/n --> TU/lmss/bx/n on input line 125.
LaTeX Font Info:    Overwriting math alphabet `\mathtt' in version `normal'
(Font)                  OT1/lmtt/m/n --> TU/lmtt/m/n on input line 125.
LaTeX Font Info:    Overwriting math alphabet `\mathtt' in version `bold'
(Font)                  OT1/lmtt/m/n --> TU/lmtt/bx/n on input line 125.

Package fontspec Info: latinmodern-math scale = 0.9999964596882403.


Package fontspec Info: latinmodern-math scale = 0.9999964596882403.


Package fontspec Info: latinmodern-math scale = 0.9999964596882403.


Package fontspec Info: Font family 'latinmodern-math.otf(0)' created for font
(fontspec)             'latinmodern-math.otf' with options
(fontspec)             [Scale=MatchLowercase,BoldItalicFont={},ItalicFont={},Sm
allCapsFont={},Script=Math,BoldFont={latinmodern-math.otf}].
(fontspec)              
(fontspec)              This font family consists of the following NFSS
(fontspec)             series/shapes:
(fontspec)              
(fontspec)             - 'normal' (m/n) with NFSS spec.:
(fontspec)             <->s*[0.9999964596882403]"[latinmodern-math.otf]/OT:scri
pt=math;language=dflt;"
(fontspec)             - 'small caps'  (m/sc) with NFSS spec.: 
(fontspec)             - 'bold' (b/n) with NFSS spec.:
(fontspec)             <->s*[0.9999964596882403]"[latinmodern-math.otf]/OT:scri
pt=math;language=dflt;"
(fontspec)             - 'bold small caps'  (b/sc) with NFSS spec.: 

LaTeX Font Info:    Font shape `TU/latinmodern-math.otf(0)/m/n' will be
(Font)              scaled to size 10.0pt on input line 125.

Package fontspec Info: latinmodern-math scale = 0.9999964596882403.


Package fontspec Info: latinmodern-math scale = 0.9999964596882403.


Package fontspec Info: latinmodern-math scale = 0.9999964596882403.


Package fontspec Info: latinmodern-math scale = 0.9999964596882403.


Package fontspec Info: latinmodern-math scale = 0.9999964596882403.


Package fontspec Info: Font family 'latinmodern-math.otf(1)' created for font
(fontspec)             'latinmodern-math.otf' with options
(fontspec)             [Scale=MatchLowercase,BoldItalicFont={},ItalicFont={},Sm
allCapsFont={},Script=Math,SizeFeatures={{Size=8.5-},{Size=6-8.5,Font=latinmode
rn-math.otf,Style=MathScript},{Size=-6,Font=latinmodern-math.otf,Style=MathScri
ptScript}},BoldFont={latinmodern-math.otf}].
(fontspec)              
(fontspec)              This font family consists of the following NFSS
(fontspec)             series/shapes:
(fontspec)              
(fontspec)             - 'normal' (m/n) with NFSS spec.:
(fontspec)             <8.5->s*[0.9999964596882403]"[latinmodern-math.otf]/OT:s
cript=math;language=dflt;"<6-8.5>s*[0.9999964596882403]"[latinmodern-math.otf]/
OT:script=math;language=dflt;+ssty=0;"<-6>s*[0.9999964596882403]"[latinmodern-m
ath.otf]/OT:script=math;language=dflt;+ssty=1;"
(fontspec)             - 'small caps'  (m/sc) with NFSS spec.: 
(fontspec)             - 'bold' (b/n) with NFSS spec.:
(fontspec)             <->s*[0.9999964596882403]"[latinmodern-math.otf]/OT:scri
pt=math;language=dflt;"
(fontspec)             - 'bold small caps'  (b/sc) with NFSS spec.: 

LaTeX Font Info:    Font shape `TU/latinmodern-math.otf(1)/m/n' will be
(Font)              scaled to size 10.0pt on input line 125.
LaTeX Font Info:    Encoding `OT1' has changed to `TU' for symbol font
(Font)              `operators' in the math version `normal' on input line 125.

LaTeX Font Info:    Overwriting symbol font `operators' in version `normal'
(Font)                  OT1/lmr/m/n --> TU/latinmodern-math.otf(1)/m/n on input
 line 125.
LaTeX Font Info:    Encoding `OT1' has changed to `TU' for symbol font
(Font)              `operators' in the math version `bold' on input line 125.
LaTeX Font Info:    Overwriting symbol font `operators' in version `bold'
(Font)                  OT1/lmr/bx/n --> TU/latinmodern-math.otf(1)/b/n on inpu
t line 125.

Package fontspec Info: latinmodern-math scale = 0.9999964596882403.


Package fontspec Info: latinmodern-math scale = 1.000096459334209.


Package fontspec Info: latinmodern-math scale = 0.9999964596882403.


Package fontspec Info: latinmodern-math scale = 1.000096459334209.


Package fontspec Info: latinmodern-math scale = 0.9999964596882403.


Package fontspec Info: latinmodern-math scale = 1.000096459334209.


Package fontspec Info: latinmodern-math scale = 0.9999964596882403.


Package fontspec Info: latinmodern-math scale = 1.000096459334209.


Package fontspec Info: latinmodern-math scale = 0.9999964596882403.


Package fontspec Info: latinmodern-math scale = 1.000096459334209.


Package fontspec Info: Font family 'latinmodern-math.otf(2)' created for font
(fontspec)             'latinmodern-math.otf' with options
(fontspec)             [Scale=MatchLowercase,BoldItalicFont={},ItalicFont={},Sm
allCapsFont={},Script=Math,SizeFeatures={{Size=8.5-},{Size=6-8.5,Font=latinmode
rn-math.otf,Style=MathScript},{Size=-6,Font=latinmodern-math.otf,Style=MathScri
ptScript}},BoldFont={latinmodern-math.otf},ScaleAgain=1.0001,FontAdjustment={\f
ontdimen
(fontspec)             8\font =6.77pt\relax \fontdimen 9\font =3.94pt\relax
(fontspec)             \fontdimen 10\font =4.44pt\relax \fontdimen 11\font
(fontspec)             =6.86pt\relax \fontdimen 12\font =3.45pt\relax
(fontspec)             \fontdimen 13\font =3.63pt\relax \fontdimen 14\font
(fontspec)             =3.63pt\relax \fontdimen 15\font =2.89pt\relax
(fontspec)             \fontdimen 16\font =2.47pt\relax \fontdimen 17\font
(fontspec)             =2.47pt\relax \fontdimen 18\font =2.5pt\relax
(fontspec)             \fontdimen 19\font =2.0pt\relax \fontdimen 22\font
(fontspec)             =2.5pt\relax \fontdimen 20\font =0pt\relax \fontdimen
(fontspec)             21\font =0pt\relax }].
(fontspec)              
(fontspec)              This font family consists of the following NFSS
(fontspec)             series/shapes:
(fontspec)              
(fontspec)             - 'normal' (m/n) with NFSS spec.:
(fontspec)             <8.5->s*[1.000096459334209]"[latinmodern-math.otf]/OT:sc
ript=math;language=dflt;"<6-8.5>s*[1.000096459334209]"[latinmodern-math.otf]/OT
:script=math;language=dflt;+ssty=0;"<-6>s*[1.000096459334209]"[latinmodern-math
.otf]/OT:script=math;language=dflt;+ssty=1;"
(fontspec)             - 'small caps'  (m/sc) with NFSS spec.: 
(fontspec)             and font adjustment code:
(fontspec)             \fontdimen 8\font =6.77pt\relax \fontdimen 9\font
(fontspec)             =3.94pt\relax \fontdimen 10\font =4.44pt\relax
(fontspec)             \fontdimen 11\font =6.86pt\relax \fontdimen 12\font
(fontspec)             =3.45pt\relax \fontdimen 13\font =3.63pt\relax
(fontspec)             \fontdimen 14\font =3.63pt\relax \fontdimen 15\font
(fontspec)             =2.89pt\relax \fontdimen 16\font =2.47pt\relax
(fontspec)             \fontdimen 17\font =2.47pt\relax \fontdimen 18\font
(fontspec)             =2.5pt\relax \fontdimen 19\font =2.0pt\relax \fontdimen
(fontspec)             22\font =2.5pt\relax \fontdimen 20\font =0pt\relax
(fontspec)             \fontdimen 21\font =0pt\relax 
(fontspec)             - 'bold' (b/n) with NFSS spec.:
(fontspec)             <->s*[1.000096459334209]"[latinmodern-math.otf]/OT:scrip
t=math;language=dflt;"
(fontspec)             - 'bold small caps'  (b/sc) with NFSS spec.: 
(fontspec)             and font adjustment code:
(fontspec)             \fontdimen 8\font =6.77pt\relax \fontdimen 9\font
(fontspec)             =3.94pt\relax \fontdimen 10\font =4.44pt\relax
(fontspec)             \fontdimen 11\font =6.86pt\relax \fontdimen 12\font
(fontspec)             =3.45pt\relax \fontdimen 13\font =3.63pt\relax
(fontspec)             \fontdimen 14\font =3.63pt\relax \fontdimen 15\font
(fontspec)             =2.89pt\relax \fontdimen 16\font =2.47pt\relax
(fontspec)             \fontdimen 17\font =2.47pt\relax \fontdimen 18\font
(fontspec)             =2.5pt\relax \fontdimen 19\font =2.0pt\relax \fontdimen
(fontspec)             22\font =2.5pt\relax \fontdimen 20\font =0pt\relax
(fontspec)             \fontdimen 21\font =0pt\relax 

LaTeX Font Info:    Encoding `OMS' has changed to `TU' for symbol font
(Font)              `symbols' in the math version `normal' on input line 125.
LaTeX Font Info:    Overwriting symbol font `symbols' in version `normal'
(Font)                  OMS/lmsy/m/n --> TU/latinmodern-math.otf(2)/m/n on inpu
t line 125.
LaTeX Font Info:    Encoding `OMS' has changed to `TU' for symbol font
(Font)              `symbols' in the math version `bold' on input line 125.
LaTeX Font Info:    Overwriting symbol font `symbols' in version `bold'
(Font)                  OMS/lmsy/b/n --> TU/latinmodern-math.otf(2)/b/n on inpu
t line 125.

Package fontspec Info: latinmodern-math scale = 0.9999964596882403.


Package fontspec Info: latinmodern-math scale = 0.9998964600422715.


Package fontspec Info: latinmodern-math scale = 0.9999964596882403.


Package fontspec Info: latinmodern-math scale = 0.9998964600422715.


Package fontspec Info: latinmodern-math scale = 0.9999964596882403.


Package fontspec Info: latinmodern-math scale = 0.9998964600422715.


Package fontspec Info: latinmodern-math scale = 0.9999964596882403.


Package fontspec Info: latinmodern-math scale = 0.9998964600422715.


Package fontspec Info: latinmodern-math scale = 0.9999964596882403.


Package fontspec Info: latinmodern-math scale = 0.9998964600422715.


Package fontspec Info: Font family 'latinmodern-math.otf(3)' created for font
(fontspec)             'latinmodern-math.otf' with options
(fontspec)             [Scale=MatchLowercase,BoldItalicFont={},ItalicFont={},Sm
allCapsFont={},Script=Math,SizeFeatures={{Size=8.5-},{Size=6-8.5,Font=latinmode
rn-math.otf,Style=MathScript},{Size=-6,Font=latinmodern-math.otf,Style=MathScri
ptScript}},BoldFont={latinmodern-math.otf},ScaleAgain=0.9999,FontAdjustment={\f
ontdimen
(fontspec)             8\font =0.4pt\relax \fontdimen 9\font =2.0pt\relax
(fontspec)             \fontdimen 10\font =1.67pt\relax \fontdimen 11\font
(fontspec)             =1.11pt\relax \fontdimen 12\font =6.0pt\relax
(fontspec)             \fontdimen 13\font =0pt\relax }].
(fontspec)              
(fontspec)              This font family consists of the following NFSS
(fontspec)             series/shapes:
(fontspec)              
(fontspec)             - 'normal' (m/n) with NFSS spec.:
(fontspec)             <8.5->s*[0.9998964600422715]"[latinmodern-math.otf]/OT:s
cript=math;language=dflt;"<6-8.5>s*[0.9998964600422715]"[latinmodern-math.otf]/
OT:script=math;language=dflt;+ssty=0;"<-6>s*[0.9998964600422715]"[latinmodern-m
ath.otf]/OT:script=math;language=dflt;+ssty=1;"
(fontspec)             - 'small caps'  (m/sc) with NFSS spec.: 
(fontspec)             and font adjustment code:
(fontspec)             \fontdimen 8\font =0.4pt\relax \fontdimen 9\font
(fontspec)             =2.0pt\relax \fontdimen 10\font =1.67pt\relax
(fontspec)             \fontdimen 11\font =1.11pt\relax \fontdimen 12\font
(fontspec)             =6.0pt\relax \fontdimen 13\font =0pt\relax 
(fontspec)             - 'bold' (b/n) with NFSS spec.:
(fontspec)             <->s*[0.9998964600422715]"[latinmodern-math.otf]/OT:scri
pt=math;language=dflt;"
(fontspec)             - 'bold small caps'  (b/sc) with NFSS spec.: 
(fontspec)             and font adjustment code:
(fontspec)             \fontdimen 8\font =0.4pt\relax \fontdimen 9\font
(fontspec)             =2.0pt\relax \fontdimen 10\font =1.67pt\relax
(fontspec)             \fontdimen 11\font =1.11pt\relax \fontdimen 12\font
(fontspec)             =6.0pt\relax \fontdimen 13\font =0pt\relax 

LaTeX Font Info:    Encoding `OMX' has changed to `TU' for symbol font
(Font)              `largesymbols' in the math version `normal' on input line 1
25.
LaTeX Font Info:    Overwriting symbol font `largesymbols' in version `normal'
(Font)                  OMX/lmex/m/n --> TU/latinmodern-math.otf(3)/m/n on inpu
t line 125.
LaTeX Font Info:    Encoding `OMX' has changed to `TU' for symbol font
(Font)              `largesymbols' in the math version `bold' on input line 125
.
LaTeX Font Info:    Overwriting symbol font `largesymbols' in version `bold'
(Font)                  OMX/lmex/m/n --> TU/latinmodern-math.otf(3)/b/n on inpu
t line 125.
LaTeX Info: Redefining \microtypecontext on input line 125.
Package microtype Info: Character protrusion enabled (level 2).
Package microtype Info: Using protrusion set `basicmath'.
Package microtype Info: No adjustment of tracking.
Package microtype Info: No adjustment of spacing.
Package microtype Info: No adjustment of kerning.

(/Users/franciscorowe/Library/TinyTeX/texmf-dist/tex/latex/microtype/mt-LatinMo
dernRoman.cfg
File: mt-LatinModernRoman.cfg 2013/03/13 v1.0 microtype config. file: Latin Mod
ern Roman (RS)
)
\AtBeginShipoutBox=\box55
Package hyperref Info: Link coloring OFF on input line 125.

(/Users/franciscorowe/Library/TinyTeX/texmf-dist/tex/latex/hyperref/nameref.sty
Package: nameref 2019/09/16 v2.46 Cross-referencing by name of section

(/Users/franciscorowe/Library/TinyTeX/texmf-dist/tex/latex/refcount/refcount.st
y
Package: refcount 2019/12/15 v3.6 Data extraction from label references (HO)
)
(/Users/franciscorowe/Library/TinyTeX/texmf-dist/tex/generic/gettitlestring/get
titlestring.sty
Package: gettitlestring 2019/12/15 v1.6 Cleanup title references (HO)
)
\c@section@level=\count300
)
LaTeX Info: Redefining \ref on input line 125.
LaTeX Info: Redefining \pageref on input line 125.
LaTeX Info: Redefining \nameref on input line 125.
(./gdsl_knowledge.out) (./gdsl_knowledge.out)
\@outlinefile=\write4
\openout4 = `gdsl_knowledge.out'.

LaTeX Font Info:    Font shape `TU/latinmodern-math.otf(1)/m/n' will be
(Font)              scaled to size 12.0pt on input line 127.
LaTeX Font Info:    Font shape `TU/latinmodern-math.otf(1)/m/n' will be
(Font)              scaled to size 8.0pt on input line 127.
LaTeX Font Info:    Font shape `TU/latinmodern-math.otf(1)/m/n' will be
(Font)              scaled to size 6.0pt on input line 127.
LaTeX Font Info:    Trying to load font information for OML+lmm on input line 1
27.
(/Users/franciscorowe/Library/TinyTeX/texmf-dist/tex/latex/lm/omllmm.fd
File: omllmm.fd 2009/10/30 v1.6 Font defs for Latin Modern
)
LaTeX Font Info:    Font shape `TU/latinmodern-math.otf(2)/m/n' will be
(Font)              scaled to size 12.0011pt on input line 127.
LaTeX Font Info:    Font shape `TU/latinmodern-math.otf(2)/m/n' will be
(Font)              scaled to size 8.00073pt on input line 127.
LaTeX Font Info:    Font shape `TU/latinmodern-math.otf(2)/m/n' will be
(Font)              scaled to size 6.00055pt on input line 127.
LaTeX Font Info:    Font shape `TU/latinmodern-math.otf(3)/m/n' will be
(Font)              scaled to size 11.99872pt on input line 127.
LaTeX Font Info:    Font shape `TU/latinmodern-math.otf(3)/m/n' will be
(Font)              scaled to size 7.99915pt on input line 127.
LaTeX Font Info:    Font shape `TU/latinmodern-math.otf(3)/m/n' will be
(Font)              scaled to size 5.99936pt on input line 127.
LaTeX Font Info:    Trying to load font information for U+msa on input line 127
.
(/Users/franciscorowe/Library/TinyTeX/texmf-dist/tex/latex/amsfonts/umsa.fd
File: umsa.fd 2013/01/14 v3.01 AMS symbols A
)
(/Users/franciscorowe/Library/TinyTeX/texmf-dist/tex/latex/microtype/mt-msa.cfg
File: mt-msa.cfg 2006/02/04 v1.1 microtype config. file: AMS symbols (a) (RS)
)
LaTeX Font Info:    Trying to load font information for U+msb on input line 127
.
(/Users/franciscorowe/Library/TinyTeX/texmf-dist/tex/latex/amsfonts/umsb.fd
File: umsb.fd 2013/01/14 v3.01 AMS symbols B
)
(/Users/franciscorowe/Library/TinyTeX/texmf-dist/tex/latex/microtype/mt-msb.cfg
File: mt-msb.cfg 2005/06/01 v1.0 microtype config. file: AMS symbols (b) (RS)
) [1


] [2

] (./gdsl_knowledge.toc
LaTeX Font Info:    Font shape `TU/latinmodern-math.otf(1)/m/n' will be
(Font)              scaled to size 7.0pt on input line 3.
LaTeX Font Info:    Font shape `TU/latinmodern-math.otf(1)/m/n' will be
(Font)              scaled to size 5.0pt on input line 3.
LaTeX Font Info:    Font shape `TU/latinmodern-math.otf(2)/m/n' will be
(Font)              scaled to size 10.00092pt on input line 3.
LaTeX Font Info:    Font shape `TU/latinmodern-math.otf(2)/m/n' will be
(Font)              scaled to size 7.00064pt on input line 3.
LaTeX Font Info:    Font shape `TU/latinmodern-math.otf(2)/m/n' will be
(Font)              scaled to size 5.00046pt on input line 3.
LaTeX Font Info:    Font shape `TU/latinmodern-math.otf(3)/m/n' will be
(Font)              scaled to size 9.99893pt on input line 3.
LaTeX Font Info:    Font shape `TU/latinmodern-math.otf(3)/m/n' will be
(Font)              scaled to size 6.99925pt on input line 3.
LaTeX Font Info:    Font shape `TU/latinmodern-math.otf(3)/m/n' will be
(Font)              scaled to size 4.99947pt on input line 3.
[3])
\tf@toc=\write5
\openout5 = `gdsl_knowledge.toc'.

[4]
Chapter 1.
[5

] [6

]
Chapter 2.
[7] [8]
Chapter 3.
[9

] [10]
Underfull \hbox (badness 1221) in paragraph at lines 332--335
[]\TU/lmr/m/n/10 First you will need to download the UoL VPN configuration file
:
 []

[11] [12]
Chapter 4.

Overfull \hbox (48.75pt too wide) in paragraph at lines 445--445
[] \TU/lmtt/m/n/10 DSA key fingerprint is 01:23:45:67:89:ab:cd:ef:ff:fe:dc:ba:9
8:76:54:32:10.[] 
 []

[13

]
Overfull \hbox (85.5pt too wide) in paragraph at lines 510--510
[]\TU/lmtt/m/n/10 user@host:~$ mv <current_filename> <new_filename>  # This is 
to change a file name[] 
 []

[14]
Overfull \hbox (85.5pt too wide) in paragraph at lines 510--510
[]\TU/lmtt/m/n/10 user@host:~$ mv <filepath> <target_directory> # This is to mo
ve a file to a folder[] 
 []


Overfull \hbox (6.75pt too wide) in paragraph at lines 530--530
[]\TU/lmtt/m/n/10 user@host:~$ rm -r <directory> # To delete a folder and its c
ontent[] 
 []

[15] [16]
Chapter 5.

Underfull \vbox (badness 1845) has occurred while \output is active []

[17

]
Overfull \hbox (27.75pt too wide) in paragraph at lines 700--700
[]\TU/lmtt/m/n/10 scp <username>@<server.ip.address>:<filepath> <local_target_d
irectory>/[] 
 []

[18]
Overfull \hbox (17.25pt too wide) in paragraph at lines 730--730
[]\TU/lmtt/m/n/10 wget -r 'ftp://<username>:<password>@<server.ip.address>/<dir
ectory>'[] 
 []

[19] [20]
Chapter 6.
[21

] [22

]
Chapter 7.
[23]
Overfull \hbox (12.0pt too wide) in paragraph at lines 905--905
[]\TU/lmtt/m/n/10 --detach or -d -> Run container in background and print conta
iner ID[] 
 []

[24]
Overfull \hbox (999.0pt too wide) in paragraph at lines 931--931
[]\TU/lmtt/m/n/10 --publish or -p -> Publish a container’s port(s) to the host 
(This is key when running server-based application through Docker. A network po
rt is the communication enpoint in a client-server model, specifying which prog
ram a communication is intended for.)[] 
 []

[25]
Overfull \hbox (69.75pt too wide) in paragraph at lines 997--997
[]\TU/lmtt/m/n/10 +------------------------------------------------------------
-----------------+[] 
 []


Overfull \hbox (69.75pt too wide) in paragraph at lines 997--997
[]\TU/lmtt/m/n/10 | NVIDIA-SMI 440.33.01    Driver Version: 440.33.01    CUDA V
ersion: 10.2     |[] 
 []


Overfull \hbox (69.75pt too wide) in paragraph at lines 997--997
[]\TU/lmtt/m/n/10 |-------------------------------+----------------------+-----
-----------------+[] 
 []


Overfull \hbox (69.75pt too wide) in paragraph at lines 997--997
[]\TU/lmtt/m/n/10 | GPU  Name        Persistence-M| Bus-Id        Disp.A | Vola
tile Uncorr. ECC |[] 
 []


Overfull \hbox (69.75pt too wide) in paragraph at lines 997--997
[]\TU/lmtt/m/n/10 | Fan  Temp  Perf  Pwr:Usage/Cap|         Memory-Usage | GPU-
Util  Compute M. |[] 
 []


Overfull \hbox (69.75pt too wide) in paragraph at lines 997--997
[]\TU/lmtt/m/n/10 |===============================+======================+=====
=================|[] 
 []


Overfull \hbox (69.75pt too wide) in paragraph at lines 997--997
[]\TU/lmtt/m/n/10 |   0  GeForce GTX 108...  Off  | 00000000:01:00.0 Off |     
             N/A |[] 
 []


Overfull \hbox (69.75pt too wide) in paragraph at lines 997--997
[]\TU/lmtt/m/n/10 | 26%   20C    P8     7W / 250W |  10924MiB / 11178MiB |     
 0%      Default |[] 
 []


Overfull \hbox (69.75pt too wide) in paragraph at lines 997--997
[]\TU/lmtt/m/n/10 +-------------------------------+----------------------+-----
-----------------+[] 
 []


Overfull \hbox (69.75pt too wide) in paragraph at lines 997--997
[]\TU/lmtt/m/n/10 |   1  GeForce GTX 108...  Off  | 00000000:02:00.0 Off |     
             N/A |[] 
 []


Overfull \hbox (69.75pt too wide) in paragraph at lines 997--997
[]\TU/lmtt/m/n/10 | 22%   25C    P8     9W / 250W |    151MiB / 11178MiB |     
 0%      Default |[] 
 []


Overfull \hbox (69.75pt too wide) in paragraph at lines 997--997
[]\TU/lmtt/m/n/10 +-------------------------------+----------------------+-----
-----------------+[] 
 []


Overfull \hbox (69.75pt too wide) in paragraph at lines 997--997
[]\TU/lmtt/m/n/10 |   2  GeForce GTX 108...  Off  | 00000000:82:00.0 Off |     
             N/A |[] 
 []


Overfull \hbox (69.75pt too wide) in paragraph at lines 997--997
[]\TU/lmtt/m/n/10 | 27%   31C    P8     9W / 250W |    151MiB / 11178MiB |     
 0%      Default |[] 
 []


Overfull \hbox (69.75pt too wide) in paragraph at lines 997--997
[]\TU/lmtt/m/n/10 +-------------------------------+----------------------+-----
-----------------+[] 
 []


Overfull \hbox (69.75pt too wide) in paragraph at lines 997--997
[]\TU/lmtt/m/n/10 +------------------------------------------------------------
-----------------+[] 
 []


Overfull \hbox (69.75pt too wide) in paragraph at lines 997--997
[]\TU/lmtt/m/n/10 | Processes:                                                 
      GPU Memory |[] 
 []


Overfull \hbox (69.75pt too wide) in paragraph at lines 997--997
[]\TU/lmtt/m/n/10 |  GPU       PID   Type   Process name                       
      Usage      |[] 
 []


Overfull \hbox (69.75pt too wide) in paragraph at lines 997--997
[]\TU/lmtt/m/n/10 |============================================================
=================|[] 
 []


Overfull \hbox (69.75pt too wide) in paragraph at lines 997--997
[]\TU/lmtt/m/n/10 |    0     25888      G   /usr/lib/xorg/Xorg                 
            6MiB |[] 
 []


Overfull \hbox (27.75pt too wide) in paragraph at lines 997--997
[]\TU/lmtt/m/n/10 |    0     29622      C   ...fa/agent/tensorflow/bin/python2 
10905MiB |[] 
 []


Overfull \hbox (27.75pt too wide) in paragraph at lines 997--997
[]\TU/lmtt/m/n/10 |    1     29622      C   ...fa/agent/tensorflow/bin/python2 
  139MiB |[] 
 []


Overfull \hbox (27.75pt too wide) in paragraph at lines 997--997
[]\TU/lmtt/m/n/10 |    2     29622      C   ...fa/agent/tensorflow/bin/python2 
  139MiB |[] 
 []


Overfull \hbox (69.75pt too wide) in paragraph at lines 997--997
[]\TU/lmtt/m/n/10 +------------------------------------------------------------
-----------------+[] 
 []


Overfull \hbox (59.25pt too wide) in paragraph at lines 1008--1008
[]\TU/lmtt/m/n/10 curl -s -L https://nvidia.github.io/nvidia-docker/gpgkey | su
do apt-key add -[] 
 []


Overfull \hbox (369.0pt too wide) in paragraph at lines 1008--1008
[]\TU/lmtt/m/n/10 curl -s -L https://nvidia.github.io/nvidia-docker/$distributi
on/nvidia-docker.list | sudo tee /etc/apt/sources.list.d/nvidia-docker.list[] 
 []


Overfull \hbox (27.75pt too wide) in paragraph at lines 1008--1008
[]\TU/lmtt/m/n/10 sudo apt-get update && sudo apt-get install -y nvidia-contain
er-toolkit[] 
 []

[26] [27] [28

]
Chapter 8.

Overfull \hbox (299.5pt too wide) in paragraph at lines 1055--1055
 []\TU/lmtt/m/n/10 docker run --rm -ti --user root -e NB_UID=$UID -e NB_GID=100
 -p 8888:8888 -v ${PWD}:/home/jovyan/work darribas/gds:4.0[] 
 []

[29]
Overfull \hbox (89.5pt too wide) in paragraph at lines 1108--1108
 [] \TU/lmtt/m/n/10 docker run --rm -ti -p 8888:8888 -v ${PWD}:/home/jovyan/wor
k darribas/gds:4.0[] 
 []


Overfull \hbox (388.75pt too wide) in paragraph at lines 1108--1108
 [] \TU/lmtt/m/n/10 [I 11:38:40.234 NotebookApp] Writing notebook server cookie
 secret to /home/jovyan/.local/share/jupyter/runtime/notebook_cookie_secret[] 
 []


Overfull \hbox (16.0pt too wide) in paragraph at lines 1108--1108
 [] \TU/lmtt/m/n/10 [I 11:38:41.328 NotebookApp] Loading IPython parallel exten
sion[] 
 []


Overfull \hbox (268.0pt too wide) in paragraph at lines 1108--1108
 [] \TU/lmtt/m/n/10 [I 11:38:41.612 NotebookApp] JupyterLab extension loaded fr
om /opt/conda/lib/python3.7/site-packages/jupyterlab[] 
 []


Overfull \hbox (173.5pt too wide) in paragraph at lines 1108--1108
 [] \TU/lmtt/m/n/10 [I 11:38:41.612 NotebookApp] JupyterLab application directo
ry is /opt/conda/share/jupyter/lab[] 
 []


Overfull \hbox (110.5pt too wide) in paragraph at lines 1108--1108
 [] \TU/lmtt/m/n/10 [I 11:38:43.091 NotebookApp] Serving notebooks from local d
irectory: /home/jovyan[] 
 []


Overfull \hbox (21.25pt too wide) in paragraph at lines 1108--1108
 [] \TU/lmtt/m/n/10 [I 11:38:43.091 NotebookApp] The Jupyter Notebook is runnin
g at:[] 
 []


Overfull \hbox (257.5pt too wide) in paragraph at lines 1108--1108
 [] \TU/lmtt/m/n/10 [I 11:38:43.091 NotebookApp] http://ee20e7549b49:8888/?toke
n=4dc814ee44c64383d5d32dfd439fe62bbc17d9803d9ae434[] 
 []


Overfull \hbox (262.75pt too wide) in paragraph at lines 1108--1108
 [] \TU/lmtt/m/n/10 [I 11:38:43.091 NotebookApp]  or http://127.0.0.1:8888/?tok
en=4dc814ee44c64383d5d32dfd439fe62bbc17d9803d9ae434[] 
 []


Overfull \hbox (304.75pt too wide) in paragraph at lines 1108--1108
 [] \TU/lmtt/m/n/10 [I 11:38:43.091 NotebookApp] Use Control-C to stop this ser
ver and shut down all kernels (twice to skip confirmation).[] 
 []


Overfull \hbox (89.5pt too wide) in paragraph at lines 1108--1108
 []         \TU/lmtt/m/n/10 file:///home/jovyan/.local/share/jupyter/runtime/nb
server-6-open.html[] 
 []


Overfull \hbox (147.25pt too wide) in paragraph at lines 1108--1108
 []         \TU/lmtt/m/n/10 http://ee20e7549b49:8888/?token=4dc814ee44c64383d5d
32dfd439fe62bbc17d9803d9ae434[] 
 []


Overfull \hbox (131.5pt too wide) in paragraph at lines 1108--1108
 []      \TU/lmtt/m/n/10 or http://127.0.0.1:8888/?token=4dc814ee44c64383d5d32d
fd439fe62bbc17d9803d9ae434[] 
 []

[30]
Overfull \hbox (399.25pt too wide) in paragraph at lines 1145--1145
 []\TU/lmtt/m/n/10 docker run --rm -ti --user root -e NB_UID=$UID -e NB_GID=100
 -p <mapping_port>:8888 -v ${PWD}:/home/jovyan/work darribas/gds:4.1 start.sh[]
 
 []


Overfull \hbox (126.25pt too wide) in paragraph at lines 1158--1158
 []\TU/lmtt/m/n/10 openssl req -x509 -nodes -days 365 -newkey rsa:2048 -keyout 
mykey.key -out mycert.pem[] 
 []


Overfull \hbox (39.83002pt too wide) in paragraph at lines 1160--1161
[]\TU/lmr/m/n/10 Next we shall update the \TU/lmtt/m/n/10 /home/jovyan/.jupyter
/jupyter_notebook_config.py
 []

LaTeX Font Info:    Font shape `TU/lmtt/bx/n' in size <10> not available
(Font)              Font shape `TU/lmtt/b/n' tried instead on input line 1166.

Overfull \hbox (103.552pt too wide) in paragraph at lines 1180--1181
[]\TU/lmr/m/n/10 On your own machine (laptop/tablet), log in to \TU/lmtt/m/n/10
 https://<server.ip.address>:<mapping_port>
 []

[31]
Overfull \hbox (416.25pt too wide) in paragraph at lines 1198--1198
[]\TU/lmtt/m/n/10 docker run --rm -ti -e GRANT_SUDO=yes --user root -e NB_UID=$
UID -e NB_GID=100 -p 8889:8888 -v ${PWD}:/home/jovyan/work darribas/gds:4.1 sta
rt.sh[] 
 []

[32]
Chapter 9.

Overfull \hbox (463.5pt too wide) in paragraph at lines 1250--1250
[]\TU/lmtt/m/n/10 docker run -e USER=<your-user> -e PASSWORD=<your-password> -e
 USERID=$UID -e GROUPID=$GID -d --rm -p 8787:8787 -v ${PWD}:/home/your-user roc
ker/geospatial[] 
 []

[33

]
Overfull \hbox (474.0pt too wide) in paragraph at lines 1294--1294
[]\TU/lmtt/m/n/10 docker run -e USER=<your-user> -e PASSWORD=<your-password> -e
 USERID=$UID -e GROUPID=$GID -d --rm -p <free-port>:8787 -v ${PWD}:/home/your-u
ser rstudio_gdsl[] 
 []

[34] [35] [36

]
Chapter 10.
[37] [38] (./gdsl_knowledge.bbl [39] [40

])
Package atveryend Info: Empty hook `BeforeClearDocument' on input line 1421.
[41]
Package atveryend Info: Empty hook `AfterLastShipout' on input line 1421.
(./gdsl_knowledge.aux)
Package atveryend Info: Empty hook `AtVeryEndDocument' on input line 1421.
Package atveryend Info: Executing hook `AtEndAfterFileList' on input line 1421.

Package rerunfilecheck Info: File `gdsl_knowledge.out' has not changed.
(rerunfilecheck)             Checksum: 4B15B71ED8291D1429DE9725B2AD7A79;5942.

LaTeX Warning: There were multiply-defined labels.

 ) 
Here is how much of TeX's memory you used:
 18871 strings out of 481691
 337135 string characters out of 5932082
 779181 words of memory out of 5000000
 35687 multiletter control sequences out of 15000+600000
 541595 words of font info for 89 fonts, out of 8000000 for 9000
 14 hyphenation exceptions out of 8191
 58i,8n,118p,813b,467s stack positions out of 5000i,500n,10000p,200000b,80000s

Output written on gdsl_knowledge.pdf (41 pages).
